<?xml version="1.0" encoding="UTF-8"?>
<!-- Generated by org.testng.reporters.JUnitReportReporter -->
<testsuite hostname="ATMECSINLT-083" failures="0" tests="1" name="com.atmecs.heatclinic.testscripts.ValidateTabs" time="10.617" errors="0" timestamp="08 Nov 2019 14:31:04 GMT" skipped="0">
  <testcase classname="com.atmecs.heatclinic.testscripts.ValidateTabs" name="testingHomePage" time="10.617"/>
</testsuite> <!-- com.atmecs.heatclinic.testscripts.ValidateTabs -->
